c:\users\jacky\desktop\bzflag-2.4.2-final\msvc\build\ares_win32_debug\ares.pdb
c:\users\jacky\desktop\bzflag-2.4.2-final\msvc\build\ares_win32_debug\ares.idb
c:\users\jacky\desktop\bzflag-2.4.2-final\msvc\build\ares_win32_debug\ares_nowarn.obj
c:\users\jacky\desktop\bzflag-2.4.2-final\msvc\build\ares_win32_debug\ares_options.obj
c:\users\jacky\desktop\bzflag-2.4.2-final\msvc\build\ares_win32_debug\ares_parse_a_reply.obj
c:\users\jacky\desktop\bzflag-2.4.2-final\msvc\build\ares_win32_debug\ares_parse_aaaa_reply.obj
c:\users\jacky\desktop\bzflag-2.4.2-final\msvc\build\ares_win32_debug\ares_parse_ptr_reply.obj
c:\users\jacky\desktop\bzflag-2.4.2-final\msvc\build\ares_win32_debug\ares_parse_srv_reply.obj
c:\users\jacky\desktop\bzflag-2.4.2-final\msvc\build\ares_win32_debug\ares_parse_txt_reply.obj
c:\users\jacky\desktop\bzflag-2.4.2-final\msvc\build\ares_win32_debug\ares_process.obj
c:\users\jacky\desktop\bzflag-2.4.2-final\msvc\build\ares_win32_debug\ares_query.obj
c:\users\jacky\desktop\bzflag-2.4.2-final\msvc\build\ares_win32_debug\ares_search.obj
c:\users\jacky\desktop\bzflag-2.4.2-final\msvc\build\ares_win32_debug\ares_send.obj
c:\users\jacky\desktop\bzflag-2.4.2-final\msvc\build\ares_win32_debug\ares_strcasecmp.obj
c:\users\jacky\desktop\bzflag-2.4.2-final\msvc\build\ares_win32_debug\ares_strdup.obj
c:\users\jacky\desktop\bzflag-2.4.2-final\msvc\build\ares_win32_debug\ares_strerror.obj
c:\users\jacky\desktop\bzflag-2.4.2-final\msvc\build\ares_win32_debug\ares_timeout.obj
c:\users\jacky\desktop\bzflag-2.4.2-final\msvc\build\ares_win32_debug\ares_version.obj
c:\users\jacky\desktop\bzflag-2.4.2-final\msvc\build\ares_win32_debug\ares_writev.obj
c:\users\jacky\desktop\bzflag-2.4.2-final\msvc\build\ares_win32_debug\bitncmp.obj
c:\users\jacky\desktop\bzflag-2.4.2-final\msvc\build\ares_win32_debug\inet_net_pton.obj
c:\users\jacky\desktop\bzflag-2.4.2-final\msvc\build\ares_win32_debug\windows_port.obj
c:\users\jacky\desktop\bzflag-2.4.2-final\msvc\build\ares_win32_debug\ares__close_sockets.obj
c:\users\jacky\desktop\bzflag-2.4.2-final\msvc\build\ares_win32_debug\ares__get_hostent.obj
c:\users\jacky\desktop\bzflag-2.4.2-final\msvc\build\ares_win32_debug\ares__read_line.obj
c:\users\jacky\desktop\bzflag-2.4.2-final\msvc\build\ares_win32_debug\ares__timeval.obj
c:\users\jacky\desktop\bzflag-2.4.2-final\msvc\build\ares_win32_debug\ares_cancel.obj
c:\users\jacky\desktop\bzflag-2.4.2-final\msvc\build\ares_win32_debug\ares_data.obj
c:\users\jacky\desktop\bzflag-2.4.2-final\msvc\build\ares_win32_debug\ares_destroy.obj
c:\users\jacky\desktop\bzflag-2.4.2-final\msvc\build\ares_win32_debug\ares_expand_name.obj
c:\users\jacky\desktop\bzflag-2.4.2-final\msvc\build\ares_win32_debug\ares_expand_string.obj
c:\users\jacky\desktop\bzflag-2.4.2-final\msvc\build\ares_win32_debug\ares_fds.obj
c:\users\jacky\desktop\bzflag-2.4.2-final\msvc\build\ares_win32_debug\ares_free_hostent.obj
c:\users\jacky\desktop\bzflag-2.4.2-final\msvc\build\ares_win32_debug\ares_free_string.obj
c:\users\jacky\desktop\bzflag-2.4.2-final\msvc\build\ares_win32_debug\ares_gethostbyaddr.obj
c:\users\jacky\desktop\bzflag-2.4.2-final\msvc\build\ares_win32_debug\ares_gethostbyname.obj
c:\users\jacky\desktop\bzflag-2.4.2-final\msvc\build\ares_win32_debug\ares_getopt.obj
c:\users\jacky\desktop\bzflag-2.4.2-final\msvc\build\ares_win32_debug\ares_getsock.obj
c:\users\jacky\desktop\bzflag-2.4.2-final\msvc\build\ares_win32_debug\ares_init.obj
c:\users\jacky\desktop\bzflag-2.4.2-final\msvc\build\ares_win32_debug\ares_library_init.obj
c:\users\jacky\desktop\bzflag-2.4.2-final\msvc\build\ares_win32_debug\ares_llist.obj
c:\users\jacky\desktop\bzflag-2.4.2-final\msvc\build\ares_win32_debug\ares_mkquery.obj
c:\users\jacky\desktop\bzflag-2.4.2-final\msvc\build\ares_win32_debug\ares.lib
c:\users\jacky\desktop\bzflag-2.4.2-final\msvc\build\ares_win32_debug\ares.tlog\cl.command.1.tlog
c:\users\jacky\desktop\bzflag-2.4.2-final\msvc\build\ares_win32_debug\ares.tlog\cl.read.1.tlog
c:\users\jacky\desktop\bzflag-2.4.2-final\msvc\build\ares_win32_debug\ares.tlog\cl.write.1.tlog
c:\users\jacky\desktop\bzflag-2.4.2-final\msvc\build\ares_win32_debug\ares.tlog\lib-link.read.1.tlog
c:\users\jacky\desktop\bzflag-2.4.2-final\msvc\build\ares_win32_debug\ares.tlog\lib-link.write.1.tlog
c:\users\jacky\desktop\bzflag-2.4.2-final\msvc\build\ares_win32_debug\ares.tlog\lib.command.1.tlog
