  VotingArbiter.cxx
  TextureMatrix.cxx
  StartupInfo.cxx
  ServerListCache.cxx
  ServerList.cxx
  ServerItem.cxx
  Ray.cxx
  PlayerInfo.cxx
  PhysicsDriver.cxx
  NetHandler.cxx
  MeshTransform.cxx
  LinkManager.cxx
  LagInfo.cxx
  Intersect.cxx
  Frustum.cxx
  DynamicColor.cxx
  DirectoryNames.cxx
  CommandsStandard.cxx
  CollisionManager.cxx
  CacheManager.cxx
c:\users\jacky\desktop\bzflag-2.4.2-final\src\game\cachemanager.cxx(227): warning C4477: 'fprintf' : format string '%lu' requires an argument of type 'unsigned long', but variadic argument 3 has type 'const time_t'
  c:\users\jacky\desktop\bzflag-2.4.2-final\src\game\cachemanager.cxx(227): note: consider using '%llu' in the format string
  c:\users\jacky\desktop\bzflag-2.4.2-final\src\game\cachemanager.cxx(227): note: consider using '%I64u' in the format string
c:\users\jacky\desktop\bzflag-2.4.2-final\src\game\cachemanager.cxx(227): warning C4477: 'fprintf' : format string '%lu' requires an argument of type 'unsigned long', but variadic argument 4 has type 'const time_t'
  c:\users\jacky\desktop\bzflag-2.4.2-final\src\game\cachemanager.cxx(227): note: consider using '%llu' in the format string
  c:\users\jacky\desktop\bzflag-2.4.2-final\src\game\cachemanager.cxx(227): note: consider using '%I64u' in the format string
  Generating Code...
  Compiling...
  BzMaterial.cxx
  Generating Code...
  game.vcxproj -> C:\Users\Jacky\Desktop\bzflag-2.4.2-final\MSVC\build\./game_Win32_Debug\game.lib
