c:\users\jacky\desktop\bzflag-2.4.2-final\msvc\build\zlib_win32_debug\zlib.bsc
c:\users\jacky\desktop\bzflag-2.4.2-final\msvc\build\zlib_win32_debug\zlib.pdb
c:\users\jacky\desktop\bzflag-2.4.2-final\msvc\build\zlib_win32_debug\zlib.idb
c:\users\jacky\desktop\bzflag-2.4.2-final\msvc\build\zlib_win32_debug\adler32.sbr
c:\users\jacky\desktop\bzflag-2.4.2-final\msvc\build\zlib_win32_debug\compress.sbr
c:\users\jacky\desktop\bzflag-2.4.2-final\msvc\build\zlib_win32_debug\crc32.sbr
c:\users\jacky\desktop\bzflag-2.4.2-final\msvc\build\zlib_win32_debug\deflate.sbr
c:\users\jacky\desktop\bzflag-2.4.2-final\msvc\build\zlib_win32_debug\gzclose.sbr
c:\users\jacky\desktop\bzflag-2.4.2-final\msvc\build\zlib_win32_debug\gzlib.sbr
c:\users\jacky\desktop\bzflag-2.4.2-final\msvc\build\zlib_win32_debug\gzread.sbr
c:\users\jacky\desktop\bzflag-2.4.2-final\msvc\build\zlib_win32_debug\gzwrite.sbr
c:\users\jacky\desktop\bzflag-2.4.2-final\msvc\build\zlib_win32_debug\inffast.sbr
c:\users\jacky\desktop\bzflag-2.4.2-final\msvc\build\zlib_win32_debug\inflate.sbr
c:\users\jacky\desktop\bzflag-2.4.2-final\msvc\build\zlib_win32_debug\inftrees.sbr
c:\users\jacky\desktop\bzflag-2.4.2-final\msvc\build\zlib_win32_debug\trees.sbr
c:\users\jacky\desktop\bzflag-2.4.2-final\msvc\build\zlib_win32_debug\uncompr.sbr
c:\users\jacky\desktop\bzflag-2.4.2-final\msvc\build\zlib_win32_debug\zutil.sbr
c:\users\jacky\desktop\bzflag-2.4.2-final\msvc\build\zlib_win32_debug\zutil.obj
c:\users\jacky\desktop\bzflag-2.4.2-final\msvc\build\zlib_win32_debug\uncompr.obj
c:\users\jacky\desktop\bzflag-2.4.2-final\msvc\build\zlib_win32_debug\trees.obj
c:\users\jacky\desktop\bzflag-2.4.2-final\msvc\build\zlib_win32_debug\inftrees.obj
c:\users\jacky\desktop\bzflag-2.4.2-final\msvc\build\zlib_win32_debug\inflate.obj
c:\users\jacky\desktop\bzflag-2.4.2-final\msvc\build\zlib_win32_debug\inffast.obj
c:\users\jacky\desktop\bzflag-2.4.2-final\msvc\build\zlib_win32_debug\gzwrite.obj
c:\users\jacky\desktop\bzflag-2.4.2-final\msvc\build\zlib_win32_debug\gzread.obj
c:\users\jacky\desktop\bzflag-2.4.2-final\msvc\build\zlib_win32_debug\gzlib.obj
c:\users\jacky\desktop\bzflag-2.4.2-final\msvc\build\zlib_win32_debug\gzclose.obj
c:\users\jacky\desktop\bzflag-2.4.2-final\msvc\build\zlib_win32_debug\deflate.obj
c:\users\jacky\desktop\bzflag-2.4.2-final\msvc\build\zlib_win32_debug\crc32.obj
c:\users\jacky\desktop\bzflag-2.4.2-final\msvc\build\zlib_win32_debug\compress.obj
c:\users\jacky\desktop\bzflag-2.4.2-final\msvc\build\zlib_win32_debug\adler32.obj
c:\users\jacky\desktop\bzflag-2.4.2-final\msvc\build\zlib_win32_debug\zlib.lib
c:\users\jacky\desktop\bzflag-2.4.2-final\msvc\build\./zlib_win32_debug\zlib.lib
c:\users\jacky\desktop\bzflag-2.4.2-final\msvc\build\zlib_win32_debug\zlib.tlog\bscmake.command.1.tlog
c:\users\jacky\desktop\bzflag-2.4.2-final\msvc\build\zlib_win32_debug\zlib.tlog\bscmake.read.1.tlog
c:\users\jacky\desktop\bzflag-2.4.2-final\msvc\build\zlib_win32_debug\zlib.tlog\bscmake.write.1.tlog
c:\users\jacky\desktop\bzflag-2.4.2-final\msvc\build\zlib_win32_debug\zlib.tlog\cl.command.1.tlog
c:\users\jacky\desktop\bzflag-2.4.2-final\msvc\build\zlib_win32_debug\zlib.tlog\cl.read.1.tlog
c:\users\jacky\desktop\bzflag-2.4.2-final\msvc\build\zlib_win32_debug\zlib.tlog\cl.write.1.tlog
c:\users\jacky\desktop\bzflag-2.4.2-final\msvc\build\zlib_win32_debug\zlib.tlog\lib-link.read.1.tlog
c:\users\jacky\desktop\bzflag-2.4.2-final\msvc\build\zlib_win32_debug\zlib.tlog\lib-link.write.1.tlog
c:\users\jacky\desktop\bzflag-2.4.2-final\msvc\build\zlib_win32_debug\zlib.tlog\lib.command.1.tlog
