c:\users\jacky\desktop\bzflag-2.4.2-final\msvc\build\platform_win32_debug\platform.pdb
c:\users\jacky\desktop\bzflag-2.4.2-final\msvc\build\platform_win32_debug\platform.idb
c:\users\jacky\desktop\bzflag-2.4.2-final\msvc\build\platform_win32_debug\winwindow.obj
c:\users\jacky\desktop\bzflag-2.4.2-final\msvc\build\platform_win32_debug\winvisual.obj
c:\users\jacky\desktop\bzflag-2.4.2-final\msvc\build\platform_win32_debug\winplatformfactory.obj
c:\users\jacky\desktop\bzflag-2.4.2-final\msvc\build\platform_win32_debug\winmedia.obj
c:\users\jacky\desktop\bzflag-2.4.2-final\msvc\build\platform_win32_debug\winjoystick.obj
c:\users\jacky\desktop\bzflag-2.4.2-final\msvc\build\platform_win32_debug\windisplay.obj
c:\users\jacky\desktop\bzflag-2.4.2-final\msvc\build\platform_win32_debug\wave.obj
c:\users\jacky\desktop\bzflag-2.4.2-final\msvc\build\platform_win32_debug\platformfactory.obj
c:\users\jacky\desktop\bzflag-2.4.2-final\msvc\build\platform_win32_debug\dxjoystick.obj
c:\users\jacky\desktop\bzflag-2.4.2-final\msvc\build\platform_win32_debug\bzfwindow.obj
c:\users\jacky\desktop\bzflag-2.4.2-final\msvc\build\platform_win32_debug\bzfvisual.obj
c:\users\jacky\desktop\bzflag-2.4.2-final\msvc\build\platform_win32_debug\bzfmedia.obj
c:\users\jacky\desktop\bzflag-2.4.2-final\msvc\build\platform_win32_debug\bzfjoystick.obj
c:\users\jacky\desktop\bzflag-2.4.2-final\msvc\build\platform_win32_debug\bzfdisplay.obj
c:\users\jacky\desktop\bzflag-2.4.2-final\msvc\build\platform_win32_debug\platform.lib
c:\users\jacky\desktop\bzflag-2.4.2-final\msvc\build\./platform_win32_debug\platform.lib
c:\users\jacky\desktop\bzflag-2.4.2-final\msvc\build\platform_win32_debug\platform.tlog\cl.command.1.tlog
c:\users\jacky\desktop\bzflag-2.4.2-final\msvc\build\platform_win32_debug\platform.tlog\cl.read.1.tlog
c:\users\jacky\desktop\bzflag-2.4.2-final\msvc\build\platform_win32_debug\platform.tlog\cl.write.1.tlog
c:\users\jacky\desktop\bzflag-2.4.2-final\msvc\build\platform_win32_debug\platform.tlog\lib-link.read.1.tlog
c:\users\jacky\desktop\bzflag-2.4.2-final\msvc\build\platform_win32_debug\platform.tlog\lib-link.write.1.tlog
c:\users\jacky\desktop\bzflag-2.4.2-final\msvc\build\platform_win32_debug\platform.tlog\lib.command.1.tlog
