  Address.cxx
c:\users\jacky\desktop\bzflag-2.4.2-final\src\net\address.cxx(125): warning C4996: 'inet_ntoa': Use inet_ntop() or InetNtop() instead or define _WINSOCK_DEPRECATED_NO_WARNINGS to disable deprecated API warnings
  c:\program files (x86)\windows kits\8.1\include\um\winsock2.h(1868): note: see declaration of 'inet_ntoa'
c:\users\jacky\desktop\bzflag-2.4.2-final\src\net\address.cxx(142): warning C4996: 'gethostbyname': Use getaddrinfo() or GetAddrInfoW() instead or define _WINSOCK_DEPRECATED_NO_WARNINGS to disable deprecated API warnings
  c:\program files (x86)\windows kits\8.1\include\um\winsock2.h(2238): note: see declaration of 'gethostbyname'
c:\users\jacky\desktop\bzflag-2.4.2-final\src\net\address.cxx(150): warning C4996: 'gethostbyname': Use getaddrinfo() or GetAddrInfoW() instead or define _WINSOCK_DEPRECATED_NO_WARNINGS to disable deprecated API warnings
  c:\program files (x86)\windows kits\8.1\include\um\winsock2.h(2238): note: see declaration of 'gethostbyname'
c:\users\jacky\desktop\bzflag-2.4.2-final\src\net\address.cxx(169): warning C4996: 'gethostbyaddr': Use getnameinfo() or GetNameInfoW() instead or define _WINSOCK_DEPRECATED_NO_WARNINGS to disable deprecated API warnings
  c:\program files (x86)\windows kits\8.1\include\um\winsock2.h(2216): note: see declaration of 'gethostbyaddr'
c:\users\jacky\desktop\bzflag-2.4.2-final\src\net\address.cxx(173): warning C4996: 'inet_ntoa': Use inet_ntop() or InetNtop() instead or define _WINSOCK_DEPRECATED_NO_WARNINGS to disable deprecated API warnings
  c:\program files (x86)\windows kits\8.1\include\um\winsock2.h(1868): note: see declaration of 'inet_ntoa'
c:\users\jacky\desktop\bzflag-2.4.2-final\src\net\address.cxx(189): warning C4996: 'gethostbyname': Use getaddrinfo() or GetAddrInfoW() instead or define _WINSOCK_DEPRECATED_NO_WARNINGS to disable deprecated API warnings
  c:\program files (x86)\windows kits\8.1\include\um\winsock2.h(2238): note: see declaration of 'gethostbyname'
  AresHandler.cxx
  multicast.cxx
  network.cxx
c:\users\jacky\desktop\bzflag-2.4.2-final\src\net\network.cxx(97): warning C4996: 'inet_addr': Use inet_pton() or InetPton() instead or define _WINSOCK_DEPRECATED_NO_WARNINGS to disable deprecated API warnings
  c:\program files (x86)\windows kits\8.1\include\um\winsock2.h(1850): note: see declaration of 'inet_addr'
  Pack.cxx
  Ping.cxx
  Generating Code...
  net.vcxproj -> C:\Users\Jacky\Desktop\bzflag-2.4.2-final\MSVC\build\./net_Win32_Debug\net.lib
