  AccessControlList.cxx
  Authentication.cxx
  BanCommands.cxx
  bzfs.cxx
c:\users\jacky\desktop\bzflag-2.4.2\src\bzfs\packvars.h(69): warning C4267: 'argument': conversion from 'size_t' to 'uint8_t', possible loss of data
c:\users\jacky\desktop\bzflag-2.4.2\src\bzfs\packvars.h(71): warning C4267: 'argument': conversion from 'size_t' to 'uint8_t', possible loss of data
c:\users\jacky\desktop\bzflag-2.4.2\src\bzfs\bzfs.cxx(310): warning C4267: 'argument': conversion from 'size_t' to 'uint8_t', possible loss of data
c:\users\jacky\desktop\bzflag-2.4.2\src\bzfs\bzfs.cxx(312): warning C4267: 'argument': conversion from 'size_t' to 'uint8_t', possible loss of data
  CmdLineOptions.cxx
  commands.cxx
c:\users\jacky\desktop\bzflag-2.4.2\src\bzfs\packvars.h(69): warning C4267: 'argument': conversion from 'size_t' to 'uint8_t', possible loss of data
c:\users\jacky\desktop\bzflag-2.4.2\src\bzfs\packvars.h(71): warning C4267: 'argument': conversion from 'size_t' to 'uint8_t', possible loss of data
  DropGeometry.cxx
  EntryZones.cxx
c:\users\jacky\desktop\bzflag-2.4.2\src\bzfs\entryzones.cxx(262): warning C4267: 'argument': conversion from 'size_t' to 'uint16_t', possible loss of data
c:\users\jacky\desktop\bzflag-2.4.2\src\bzfs\entryzones.cxx(263): warning C4267: 'argument': conversion from 'size_t' to 'uint16_t', possible loss of data
c:\users\jacky\desktop\bzflag-2.4.2\src\bzfs\entryzones.cxx(264): warning C4267: 'argument': conversion from 'size_t' to 'uint16_t', possible loss of data
  Filter.cxx
  FlagHistory.cxx
  FlagInfo.cxx
  GameKeeper.cxx
  ListServerConnection.cxx
  MasterBanList.cxx
  ParseMaterial.cxx
  Permissions.cxx
  RecordReplay.cxx
c:\users\jacky\desktop\bzflag-2.4.2\src\bzfs\recordreplay.cxx(1728): warning C4267: 'argument': conversion from 'size_t' to 'uint8_t', possible loss of data
c:\users\jacky\desktop\bzflag-2.4.2\src\bzfs\recordreplay.cxx(1730): warning C4267: 'argument': conversion from 'size_t' to 'uint8_t', possible loss of data
  RejoinList.cxx
  Score.cxx
  ServerCommand.cxx
  Generating Code...
  Compiling...
  SpawnPolicy.cxx
  SpawnPosition.cxx
  TeamBases.cxx
  BZWError.cxx
  BZWReader.cxx
  CustomArc.cxx
  CustomBase.cxx
  CustomBox.cxx
  CustomCone.cxx
  CustomDynamicColor.cxx
  CustomGate.cxx
  CustomGroup.cxx
  CustomLink.cxx
  CustomMaterial.cxx
  CustomMesh.cxx
  CustomMeshFace.cxx
  CustomMeshTransform.cxx
  CustomPhysicsDriver.cxx
  CustomPyramid.cxx
  CustomSphere.cxx
  Generating Code...
  Compiling...
  CustomTetra.cxx
  CustomTextureMatrix.cxx
  CustomWaterLevel.cxx
  CustomWeapon.cxx
  CustomWorld.cxx
  CustomZone.cxx
  WorldEventManager.cxx
  WorldFileLocation.cxx
  WorldFileObject.cxx
  WorldFileObstacle.cxx
  WorldGenerators.cxx
  WorldInfo.cxx
  WorldWeapons.cxx
c:\users\jacky\desktop\bzflag-2.4.2\src\bzfs\worldweapons.cxx(214): warning C4267: 'argument': conversion from 'size_t' to 'uint16_t', possible loss of data
  base64.cxx
  bzfsAPI.cxx
  bzfsPlugins.cxx
  ServerSidePlayer.cxx
  bzfsHTTPAPI.cxx
  Generating Code...
AccessControlList.obj : warning LNK4075: ignoring '/EDITANDCONTINUE' due to '/SAFESEH' specification
     Creating library bzfs_Win32_Debug\bzfs.lib and object bzfs_Win32_Debug\bzfs.exp
  bzfs.vcxproj -> C:\Users\Jacky\Desktop\bzflag-2.4.2\MSVC\build\bzfs_Win32_Debug\bzfs.exe
  A subdirectory or file ..\..\bin_Win32 already exists.
  bzfs_Win32_Debug\bzfs.exe
          1 file(s) copied.
  bzfs_Win32_Debug\bzfs.lib
          1 file(s) copied.
