c:\users\jacky\desktop\bzflag-2.4.2-final\msvc\build\geometry_win32_debug\geometry.pdb
c:\users\jacky\desktop\bzflag-2.4.2-final\msvc\build\geometry_win32_debug\geometry.idb
c:\users\jacky\desktop\bzflag-2.4.2-final\msvc\build\geometry_win32_debug\quadwallscenenode.obj
c:\users\jacky\desktop\bzflag-2.4.2-final\msvc\build\geometry_win32_debug\ptscenenode.obj
c:\users\jacky\desktop\bzflag-2.4.2-final\msvc\build\geometry_win32_debug\polywallscenenode.obj
c:\users\jacky\desktop\bzflag-2.4.2-final\msvc\build\geometry_win32_debug\occluderscenenode.obj
c:\users\jacky\desktop\bzflag-2.4.2-final\msvc\build\geometry_win32_debug\meshscenenode.obj
c:\users\jacky\desktop\bzflag-2.4.2-final\msvc\build\geometry_win32_debug\meshrendernode.obj
c:\users\jacky\desktop\bzflag-2.4.2-final\msvc\build\geometry_win32_debug\meshpolyscenenode.obj
c:\users\jacky\desktop\bzflag-2.4.2-final\msvc\build\geometry_win32_debug\meshfragscenenode.obj
c:\users\jacky\desktop\bzflag-2.4.2-final\msvc\build\geometry_win32_debug\meshdrawmgr.obj
c:\users\jacky\desktop\bzflag-2.4.2-final\msvc\build\geometry_win32_debug\laserscenenode.obj
c:\users\jacky\desktop\bzflag-2.4.2-final\msvc\build\geometry_win32_debug\flagwarpscenenode.obj
c:\users\jacky\desktop\bzflag-2.4.2-final\msvc\build\geometry_win32_debug\flagscenenode.obj
c:\users\jacky\desktop\bzflag-2.4.2-final\msvc\build\geometry_win32_debug\eighthdpyrscenenode.obj
c:\users\jacky\desktop\bzflag-2.4.2-final\msvc\build\geometry_win32_debug\eighthdimshellnode.obj
c:\users\jacky\desktop\bzflag-2.4.2-final\msvc\build\geometry_win32_debug\eighthdimscenenode.obj
c:\users\jacky\desktop\bzflag-2.4.2-final\msvc\build\geometry_win32_debug\eighthdboxscenenode.obj
c:\users\jacky\desktop\bzflag-2.4.2-final\msvc\build\geometry_win32_debug\eighthdbasescenenode.obj
c:\users\jacky\desktop\bzflag-2.4.2-final\msvc\build\geometry_win32_debug\boltscenenode.obj
c:\users\jacky\desktop\bzflag-2.4.2-final\msvc\build\geometry_win32_debug\billboardscenenode.obj
c:\users\jacky\desktop\bzflag-2.4.2-final\msvc\build\geometry_win32_debug\animatedtreads.obj
c:\users\jacky\desktop\bzflag-2.4.2-final\msvc\build\geometry_win32_debug\medium_barrel.obj
c:\users\jacky\desktop\bzflag-2.4.2-final\msvc\build\geometry_win32_debug\low_turret.obj
c:\users\jacky\desktop\bzflag-2.4.2-final\msvc\build\geometry_win32_debug\low_rtread.obj
c:\users\jacky\desktop\bzflag-2.4.2-final\msvc\build\geometry_win32_debug\low_ltread.obj
c:\users\jacky\desktop\bzflag-2.4.2-final\msvc\build\geometry_win32_debug\low_body.obj
c:\users\jacky\desktop\bzflag-2.4.2-final\msvc\build\geometry_win32_debug\low_barrel.obj
c:\users\jacky\desktop\bzflag-2.4.2-final\msvc\build\geometry_win32_debug\high_turret.obj
c:\users\jacky\desktop\bzflag-2.4.2-final\msvc\build\geometry_win32_debug\high_rtread.obj
c:\users\jacky\desktop\bzflag-2.4.2-final\msvc\build\geometry_win32_debug\high_ltread.obj
c:\users\jacky\desktop\bzflag-2.4.2-final\msvc\build\geometry_win32_debug\high_body.obj
c:\users\jacky\desktop\bzflag-2.4.2-final\msvc\build\geometry_win32_debug\high_barrel.obj
c:\users\jacky\desktop\bzflag-2.4.2-final\msvc\build\geometry_win32_debug\wallscenenode.obj
c:\users\jacky\desktop\bzflag-2.4.2-final\msvc\build\geometry_win32_debug\viewfrustum.obj
c:\users\jacky\desktop\bzflag-2.4.2-final\msvc\build\geometry_win32_debug\triwallscenenode.obj
c:\users\jacky\desktop\bzflag-2.4.2-final\msvc\build\geometry_win32_debug\tracerscenenode.obj
c:\users\jacky\desktop\bzflag-2.4.2-final\msvc\build\geometry_win32_debug\tankscenenode.obj
c:\users\jacky\desktop\bzflag-2.4.2-final\msvc\build\geometry_win32_debug\tankgeometrymgr.obj
c:\users\jacky\desktop\bzflag-2.4.2-final\msvc\build\geometry_win32_debug\spherescenenode.obj
c:\users\jacky\desktop\bzflag-2.4.2-final\msvc\build\geometry_win32_debug\shellscenenode.obj
c:\users\jacky\desktop\bzflag-2.4.2-final\msvc\build\geometry_win32_debug\scenenode.obj
c:\users\jacky\desktop\bzflag-2.4.2-final\msvc\build\geometry_win32_debug\medium_turret.obj
c:\users\jacky\desktop\bzflag-2.4.2-final\msvc\build\geometry_win32_debug\medium_rtread.obj
c:\users\jacky\desktop\bzflag-2.4.2-final\msvc\build\geometry_win32_debug\medium_ltread.obj
c:\users\jacky\desktop\bzflag-2.4.2-final\msvc\build\geometry_win32_debug\medium_body.obj
c:\users\jacky\desktop\bzflag-2.4.2-final\msvc\build\geometry_win32_debug\geometry.lib
c:\users\jacky\desktop\bzflag-2.4.2-final\msvc\build\./geometry_win32_debug\geometry.lib
c:\users\jacky\desktop\bzflag-2.4.2-final\msvc\build\geometry_win32_debug\geometry.tlog\cl.command.1.tlog
c:\users\jacky\desktop\bzflag-2.4.2-final\msvc\build\geometry_win32_debug\geometry.tlog\cl.read.1.tlog
c:\users\jacky\desktop\bzflag-2.4.2-final\msvc\build\geometry_win32_debug\geometry.tlog\cl.write.1.tlog
c:\users\jacky\desktop\bzflag-2.4.2-final\msvc\build\geometry_win32_debug\geometry.tlog\lib-link.read.1.tlog
c:\users\jacky\desktop\bzflag-2.4.2-final\msvc\build\geometry_win32_debug\geometry.tlog\lib-link.write.1.tlog
c:\users\jacky\desktop\bzflag-2.4.2-final\msvc\build\geometry_win32_debug\geometry.tlog\lib.command.1.tlog
