c:\users\jacky\desktop\bzflag-2.4.2-final\msvc\build\obstacle_win32_debug\obstacle.pdb
c:\users\jacky\desktop\bzflag-2.4.2-final\msvc\build\obstacle_win32_debug\obstacle.idb
c:\users\jacky\desktop\bzflag-2.4.2-final\msvc\build\obstacle_win32_debug\emptyscenenodegenerator.obj
c:\users\jacky\desktop\bzflag-2.4.2-final\msvc\build\obstacle_win32_debug\boxscenenodegenerator.obj
c:\users\jacky\desktop\bzflag-2.4.2-final\msvc\build\obstacle_win32_debug\basescenenodegenerator.obj
c:\users\jacky\desktop\bzflag-2.4.2-final\msvc\build\obstacle_win32_debug\wallobstacle.obj
c:\users\jacky\desktop\bzflag-2.4.2-final\msvc\build\obstacle_win32_debug\triangulate.obj
c:\users\jacky\desktop\bzflag-2.4.2-final\msvc\build\obstacle_win32_debug\tetrabuilding.obj
c:\users\jacky\desktop\bzflag-2.4.2-final\msvc\build\obstacle_win32_debug\teleporter.obj
c:\users\jacky\desktop\bzflag-2.4.2-final\msvc\build\obstacle_win32_debug\sphereobstacle.obj
c:\users\jacky\desktop\bzflag-2.4.2-final\msvc\build\obstacle_win32_debug\pyramidbuilding.obj
c:\users\jacky\desktop\bzflag-2.4.2-final\msvc\build\obstacle_win32_debug\obstaclemodifier.obj
c:\users\jacky\desktop\bzflag-2.4.2-final\msvc\build\obstacle_win32_debug\obstaclemgr.obj
c:\users\jacky\desktop\bzflag-2.4.2-final\msvc\build\obstacle_win32_debug\obstaclelist.obj
c:\users\jacky\desktop\bzflag-2.4.2-final\msvc\build\obstacle_win32_debug\obstacle.obj
c:\users\jacky\desktop\bzflag-2.4.2-final\msvc\build\obstacle_win32_debug\meshobstacle.obj
c:\users\jacky\desktop\bzflag-2.4.2-final\msvc\build\obstacle_win32_debug\meshface.obj
c:\users\jacky\desktop\bzflag-2.4.2-final\msvc\build\obstacle_win32_debug\meshdrawinfo.obj
c:\users\jacky\desktop\bzflag-2.4.2-final\msvc\build\obstacle_win32_debug\coneobstacle.obj
c:\users\jacky\desktop\bzflag-2.4.2-final\msvc\build\obstacle_win32_debug\boxbuilding.obj
c:\users\jacky\desktop\bzflag-2.4.2-final\msvc\build\obstacle_win32_debug\basebuilding.obj
c:\users\jacky\desktop\bzflag-2.4.2-final\msvc\build\obstacle_win32_debug\arcobstacle.obj
c:\users\jacky\desktop\bzflag-2.4.2-final\msvc\build\obstacle_win32_debug\wallscenenodegenerator.obj
c:\users\jacky\desktop\bzflag-2.4.2-final\msvc\build\obstacle_win32_debug\teleporterscenenodegenerator.obj
c:\users\jacky\desktop\bzflag-2.4.2-final\msvc\build\obstacle_win32_debug\pyramidscenenodegenerator.obj
c:\users\jacky\desktop\bzflag-2.4.2-final\msvc\build\obstacle_win32_debug\obstaclescenenodegenerator.obj
c:\users\jacky\desktop\bzflag-2.4.2-final\msvc\build\obstacle_win32_debug\meshscenenodegenerator.obj
c:\users\jacky\desktop\bzflag-2.4.2-final\msvc\build\obstacle_win32_debug\obstacle.lib
c:\users\jacky\desktop\bzflag-2.4.2-final\msvc\build\./obstacle_win32_debug\obstacle.lib
c:\users\jacky\desktop\bzflag-2.4.2-final\msvc\build\obstacle_win32_debug\obstacle.tlog\cl.command.1.tlog
c:\users\jacky\desktop\bzflag-2.4.2-final\msvc\build\obstacle_win32_debug\obstacle.tlog\cl.read.1.tlog
c:\users\jacky\desktop\bzflag-2.4.2-final\msvc\build\obstacle_win32_debug\obstacle.tlog\cl.write.1.tlog
c:\users\jacky\desktop\bzflag-2.4.2-final\msvc\build\obstacle_win32_debug\obstacle.tlog\lib-link.read.1.tlog
c:\users\jacky\desktop\bzflag-2.4.2-final\msvc\build\obstacle_win32_debug\obstacle.tlog\lib-link.write.1.tlog
c:\users\jacky\desktop\bzflag-2.4.2-final\msvc\build\obstacle_win32_debug\obstacle.tlog\lib.command.1.tlog
